[     0s] Build frontend of artifacts/buildprogram/buildprogram_buildprogram.dag ran (build file timestamp changed: bee.config)
[2/6  0s] Download and unpack artifacts/buildprogrambuildprogram/Stevedore/7za-mac-x64/.StevedoreVersion (+1 other)
[3/6  1s] Download and unpack artifacts/buildprogrambuildprogram/Stevedore/referenceassemblies_v46/.StevedoreVersion (+1 other)
[4/6  2s] Download and unpack artifacts/buildprogrambuildprogram/Stevedore/roslyn-csc-mac/.StevedoreVersion (+1 other)
[5/6  3s] Csc artifacts/buildprogram/buildprogram_buildprogram.exe (+2 others)
[     7s] Build frontend of artifacts/buildprogram/tundra_buildprogram.dag ran (build file timestamp changed: artifacts/buildprogrambuildprogram/Stevedore/7za-mac-x64/7za)
[ 4/13  0s] CSProject /Users/nereu/Documents/EYODF/TinyCookbok/Library/PackageCache/com.unity.tiny@0.16.1-preview/DotsPlayer/bee~/BuildProgramBuildProgramSources/buildprogrambuildprogram.gen.csproj
[ 5/13  0s] CSProject /Users/nereu/Documents/EYODF/TinyCookbok/Library/DotsRuntimeBuild/buildprogram.gen.csproj
[ 7/13  0s] WriteResponseFile artifacts/rsp/16678227308262555357.rsp
[ 8/13  0s] Download and unpack artifacts/Stevedore/7za-mac-x64/.StevedoreVersion (+1 other)
[10/13  2s] Download and unpack artifacts/Stevedore/roslyn-csc-mac/.StevedoreVersion (+1 other)
[11/13  4s] Csc artifacts/buildprogram/buildprogram.exe (+2 others)
[12/13  4s] Csc artifacts/buildprogrambuildprogram.exe/Release/buildprogrambuildprogram.exe (+2 others)
[      13s] Executed build program. Created build graph with 7912 nodes.
[    28s] Build frontend of artifacts/tundra_get-editor-tools_grw.dag ran (no suitable previous build dag file)
[  2/343  0s] WriteResponseFile artifacts/rsp/18313865875145992866.rsp
[  3/343  0s] WriteResponseFile artifacts/rsp/15388969076079266862.rsp
[  4/343  0s] CopyTool build/SpriteRotation/SpriteRotation-macos-dotnet-develop/Data/06d0a78b7523e833ed43a2db99db271e
[  5/343  0s] CopyTool build/SpriteRotation/SpriteRotation-macos-dotnet-develop/Data/9ab787abb71c45fda9a44ac84b780c9d
[  7/343  0s] CopyTool build/SpriteRotation/SpriteRotation-macos-dotnet-develop/Data/46b433b264c69cbd39f04ad2e5d12be8
[  9/343  0s] CopyTool build/SpriteRotation/SpriteRotation-macos-dotnet-develop/Data/f15b22a230092949ecccd1cfb52b47a3
[ 12/343  0s] C_Mac64 artifacts/lib_unity_tiny_codec/macos-dotnet-develop/8u78/dummy.o
[ 13/343  0s] C_Mac64 artifacts/lib_unity_zerojobs/macos-dotnet-develop/8u78/dummy.o
[ 32/343  0s] CopyTool /Users/nereu/Documents/EYODF/TinyCookbok/Library/DotsEditorTools/APACHE-2.0.txt
[ 33/343  0s] copy and chmod +x /Users/nereu/Documents/EYODF/TinyCookbok/Library/DotsEditorTools/images/osx/cwebp
[ 34/343  0s] copy and chmod +x /Users/nereu/Documents/EYODF/TinyCookbok/Library/DotsEditorTools/images/osx/moz-cjpeg
[ 35/343  0s] C_Mac64 artifacts/lib_unity_tiny_codec/macos-dotnet-develop/2f0q/LZ4Wrapper.o
[ 36/343  0s] CopyTool /Users/nereu/Documents/EYODF/TinyCookbok/Library/DotsEditorTools/libwebp/libwebp.js
[ 37/343  0s] copy and chmod +x /Users/nereu/Documents/EYODF/TinyCookbok/Library/DotsEditorTools/images/osx/pngcrush
[ 38/343  0s] CopyTool /Users/nereu/Documents/EYODF/TinyCookbok/Library/DotsEditorTools/LICENSE.md
[ 39/343  0s] CopyTool /Users/nereu/Documents/EYODF/TinyCookbok/Library/DotsEditorTools/wsclient/wsclient.js
[ 41/343  0s] C_Mac64 artifacts/lib_unity_lowlevel/macos-dotnet-develop/8u78/dummy.o
[ 44/343  0s] copy and chmod +x /Users/nereu/Documents/EYODF/TinyCookbok/Library/DotsEditorTools/manager/DotsEditorTools-macos
[ 47/343  0s] C_Mac64 artifacts/lib_unity_zerojobs/macos-dotnet-develop/mz0c/ZeroJobsNativeSupport.o
[ 48/343  0s] C_Mac64 artifacts/lib_unity_lowlevel/macos-dotnet-develop/w8lh/allocators.o
[ 49/343  0s] Link_Mac64 artifacts/lib_unity_lowlevel/macos-dotnet-develop/lib_unity_lowlevel.dylib
[ 50/343  0s] CopyTool build/SpriteRotation/SpriteRotation-macos-dotnet-develop/lib_unity_lowlevel.dylib
[ 51/343  0s] Link_Mac64 artifacts/lib_unity_zerojobs/macos-dotnet-develop/lib_unity_zerojobs.dylib
[ 52/343  0s] CopyTool build/SpriteRotation/SpriteRotation-macos-dotnet-develop/lib_unity_zerojobs.dylib
[ 53/343  0s] Download and unpack artifacts/Stevedore/referenceassemblies_v46/.StevedoreVersion (+1 other)
[ 54/343  0s] Csc artifacts/mscorlib.dll/macos-dotnet-develop/mscorlib.dll (+2 others)
[ 55/343  0s] Csc artifacts/UnsafeUtilityPatcher/UnsafeUtilityPatcher.exe (+2 others)
[ 56/343  0s] Csc artifacts/UnsafeUtilityUnpatched/UnsafeUtility.dll (+2 others)
[ 57/343  0s] Csc artifacts/Unity.Entities.BuildUtils.dll/Release/Unity.Entities.BuildUtils.dll (+2 others)
[ 58/343  0s] CopyTool artifacts/bindgem/Unity.Entities.BuildUtils.pdb
[ 59/343  0s] CopyTool artifacts/TypeRegGen.exe/Release/Unity.Entities.BuildUtils.pdb
[ 62/343  0s] Patch artifacts/UnsafeUtility/UnsafeUtility.dll (+pdb)
[UnsafeUtilityPatcher] Patching assembly : artifacts/UnsafeUtilityUnpatched/UnsafeUtility.dll to : artifacts/UnsafeUtility/UnsafeUtility.dll
[ 63/343  0s] Csc artifacts/bindgem/bindgem.exe (+2 others)
[ 64/343  0s] Csc artifacts/TypeRegGen.exe/Release/TypeRegGen.exe (+2 others)
[ 65/343  0s] Csc artifacts/Unity.LowLevel.dll/macos-dotnet-develop/Unity.LowLevel.dll (+2 others)
[ 66/343  0s] Csc artifacts/Unity.ZeroJobs.dll/macos-dotnet-develop/Unity.ZeroJobs.dll (+2 others)
[ 67/343  0s] Csc artifacts/Unity.Burst.dll/macos-dotnet-develop/Unity.Burst.dll (+2 others)
[ 68/343  0s] Csc artifacts/Unity.Entities.StaticTypeRegistry.dll/macos-dotnet-develop/Unity.Entities.StaticTypeRegistry.dll (+2 others)
[ 69/343  2s] C_Mac64 artifacts/lib_unity_tiny_codec/macos-dotnet-develop/thcn/lz4.o
[ 70/343  0s] Link_Mac64 artifacts/lib_unity_tiny_codec/macos-dotnet-develop/lib_unity_tiny_codec.dylib
[ 71/343  0s] CopyTool build/SpriteRotation/SpriteRotation-macos-dotnet-develop/lib_unity_tiny_codec.dylib
[ 72/343  0s] Csc artifacts/Unity.Collections.dll/macos-dotnet-develop/Unity.Collections.dll (+2 others)
[ 73/343  0s] Csc artifacts/Unity.Tiny.Codec.dll/macos-dotnet-develop/Unity.Tiny.Codec.dll (+2 others)
[ 74/343  1s] Csc artifacts/Unity.Mathematics.dll/macos-dotnet-develop/Unity.Mathematics.dll (+2 others)
[ 75/343  0s] Csc artifacts/Unity.Jobs.dll/macos-dotnet-develop/Unity.Jobs.dll (+2 others)
[ 76/343  0s] Csc artifacts/Unity.Mathematics.Extensions.dll/macos-dotnet-develop/Unity.Mathematics.Extensions.dll (+2 others)
[ 77/343  1s] Csc artifacts/Unity.Entities.dll/macos-dotnet-develop/Unity.Entities.dll (+2 others)
/Users/nereu/Documents/EYODF/TinyCookbok/Library/PackageCache/com.unity.entities@0.0.12-preview.33/Unity.Entities/Types/TypeManager.cs(422,27): warning CS0169: The field 'TypeManager.ObjectOffsetType.v1' is never used
/Users/nereu/Documents/EYODF/TinyCookbok/Library/PackageCache/com.unity.entities@0.0.12-preview.33/Unity.Entities/Types/TypeManager.cs(421,27): warning CS0169: The field 'TypeManager.ObjectOffsetType.v0' is never used
/Users/nereu/Documents/EYODF/TinyCookbok/Library/PackageCache/com.unity.entities@0.0.12-preview.33/Unity.Entities/Types/FastEquality.cs(139,27): warning CS0169: The field 'FastEquality.PointerSize.pter' is never used
[ 78/343  0s] Csc artifacts/Unity.Entities.CPlusPlus.dll/macos-dotnet-develop/Unity.Entities.CPlusPlus.dll (+2 others)
[ 79/343  0s] Csc artifacts/Unity.Authoring.Core.dll/macos-dotnet-develop/Unity.Authoring.Core.dll (+2 others)
[ 80/343  0s] BindGem artifacts/bindgen/Unity.Entities.CPlusPlus-macos-dotnet-develop/bind-Unity_Entities_CPlusPlus.h (+cpp)
[ 81/343  0s] C_Mac64 artifacts/lib_unity_tiny_thread_native/macos-dotnet-develop/8u78/dummy.o
[ 82/343  0s] C_Mac64 artifacts/lib_unity_tiny_math/macos-dotnet-develop/8u78/dummy.o
[ 83/343  0s] Csc artifacts/Unity.Tiny.Core.dll/macos-dotnet-develop/Unity.Tiny.Core.dll (+2 others)
[ 84/343  0s] C_Mac64 artifacts/lib_unity_entities_cplusplus/macos-dotnet-develop/8u78/dummy.o
[ 85/343  0s] C_Mac64 artifacts/lib_unity_entities_cplusplus/macos-dotnet-develop/d2ke/EntityWrappers.o
[ 86/343  0s] C_Mac64 artifacts/lib_unity_entities_cplusplus/macos-dotnet-develop/891y/bind-Unity_Entities_CPlusPlus.o
[ 87/343  0s] C_Mac64 artifacts/lib_unity_tiny_core/macos-dotnet-develop/8u78/dummy.o
[ 88/343  0s] C_Mac64 artifacts/lib_unity_tiny_core/macos-dotnet-develop/xh40/Log.o
/Users/nereu/Documents/EYODF/TinyCookbok/Library/PackageCache/com.unity.tiny@0.16.1-preview/DotsModules/Unity.Tiny.Core/cpp~/cpp/Log.cpp:77:9: warning: address of array 'msg' will always evaluate to 'true' [-Wpointer-bool-conversion]
    if (msg && msg[0]) {
        ^~~ ~~
1 warning generated.
[ 89/343  0s] C_Mac64 artifacts/lib_unity_tiny_math/macos-dotnet-develop/p165/GeminiMath.o
[ 90/343  0s] C_Mac64 artifacts/lib_unity_tiny_math/macos-dotnet-develop/bqzv/FloatConversion.o
[ 91/343  0s] C_Mac64 artifacts/lib_unity_tiny_math/macos-dotnet-develop/bqzv/Vector2.o
[ 92/343  0s] C_Mac64 artifacts/lib_unity_tiny_pointquery/macos-dotnet-develop/8u78/dummy.o
[ 93/343  0s] C_Mac64 artifacts/lib_unity_tiny_math/macos-dotnet-develop/bqzv/Matrix4x4_REF.o
[ 94/343  0s] C_Mac64 artifacts/lib_unity_tiny_math/macos-dotnet-develop/bqzv/Matrix3x3.o
[ 95/343  0s] C_Mac64 artifacts/lib_unity_tiny_math/macos-dotnet-develop/bqzv/Vector4.o
[ 96/343  1s] C_Mac64 artifacts/lib_unity_tiny_thread_native/macos-dotnet-develop/hj05/ThreadPool.o
[ 97/343  0s] C_Mac64 artifacts/lib_unity_tiny_math/macos-dotnet-develop/bqzv/Quaternion.o
[ 98/343  0s] C_Mac64 artifacts/lib_unity_tiny_math/macos-dotnet-develop/bqzv/Vector3.o
[ 99/343  0s] C_Mac64 artifacts/lib_unity_tiny_math/macos-dotnet-develop/bqzv/Matrix4x4.o
[100/343  0s] Csc artifacts/Unity.Tiny.Audio.dll/macos-dotnet-develop/Unity.Tiny.Audio.dll (+2 others)
[101/343  0s] Csc artifacts/Unity.Tiny.Core2DTypes.dll/macos-dotnet-develop/Unity.Tiny.Core2DTypes.dll (+2 others)
[102/343  0s] Csc artifacts/Unity.Tiny.Debugging.dll/macos-dotnet-develop/Unity.Tiny.Debugging.dll (+2 others)
[103/343  0s] Link_Mac64 artifacts/lib_unity_entities_cplusplus/macos-dotnet-develop/lib_unity_entities_cplusplus.dylib
[104/343  0s] Csc artifacts/Unity.Tiny.Math.dll/macos-dotnet-develop/Unity.Tiny.Math.dll (+2 others)
[105/343  0s] Csc artifacts/Unity.Authoring.dll/macos-dotnet-develop/Unity.Authoring.dll (+2 others)
/Users/nereu/Documents/EYODF/TinyCookbok/Library/PackageCache/com.unity.tiny@0.16.1-preview/Unity.Authoring/Unity.Authoring/Session.cs(170,52): warning CS0169: The field 'Session.m_Managers' is never used
[106/343  0s] Csc artifacts/Unity.Tiny.Image2D.dll/macos-dotnet-develop/Unity.Tiny.Image2D.dll (+2 others)
[107/343  0s] Csc artifacts/Unity.Tiny.PointQuery.dll/macos-dotnet-develop/Unity.Tiny.PointQuery.dll (+2 others)
[108/343  0s] Link_Mac64 artifacts/lib_unity_tiny_core/macos-dotnet-develop/lib_unity_tiny_core.dylib
[109/343  0s] Csc artifacts/Unity.Tiny.Interpolation.dll/macos-dotnet-develop/Unity.Tiny.Interpolation.dll (+2 others)
[110/343  0s] CopyTool build/SpriteRotation/SpriteRotation-macos-dotnet-develop/lib_unity_entities_cplusplus.dylib
[111/343  0s] Link_Mac64 artifacts/lib_unity_tiny_thread_native/macos-dotnet-develop/lib_unity_tiny_thread_native.dylib
[112/343  0s] BindGem artifacts/bindgen/Unity.Tiny.Core2DTypes-macos-dotnet-develop/bind-Unity_Tiny_Core2DTypes.h (+cpp)
[113/343  0s] CopyTool build/SpriteRotation/SpriteRotation-macos-dotnet-develop/lib_unity_tiny_core.dylib
[114/343  0s] CopyTool build/SpriteRotation/SpriteRotation-macos-dotnet-develop/lib_unity_tiny_thread_native.dylib
[115/343  0s] Csc artifacts/Unity.Tiny.Watchers.dll/macos-dotnet-develop/Unity.Tiny.Watchers.dll (+2 others)
[116/343  0s] Link_Mac64 artifacts/lib_unity_tiny_math/macos-dotnet-develop/lib_unity_tiny_math.dylib
[117/343  0s] CopyTool build/SpriteRotation/SpriteRotation-macos-dotnet-develop/lib_unity_tiny_math.dylib
[118/343  0s] C_Mac64 artifacts/lib_unity_tiny_core2dtypes/macos-dotnet-develop/8u78/dummy.o
[119/343  0s] C_Mac64 artifacts/lib_unity_tiny_core2dtypes/macos-dotnet-develop/cxfs/bind-Unity_Tiny_Core2DTypes.o
[120/343  0s] Link_Mac64 artifacts/lib_unity_tiny_core2dtypes/macos-dotnet-develop/lib_unity_tiny_core2dtypes.dylib
[121/343  0s] CopyTool build/SpriteRotation/SpriteRotation-macos-dotnet-develop/lib_unity_tiny_core2dtypes.dylib
[122/343  0s] Csc artifacts/Unity.Tiny.Thread.Native.dll/macos-dotnet-develop/Unity.Tiny.Thread.Native.dll (+2 others)
warning CS2008: No source files specified.
[123/343  0s] Csc artifacts/Unity.Tiny.Core2D.dll/macos-dotnet-develop/Unity.Tiny.Core2D.dll (+2 others)
[124/343  0s] BindGem artifacts/bindgen/Unity.Tiny.Image2D-macos-dotnet-develop/bind-Unity_Tiny_Image2D.h (+cpp)
[125/343  0s] Csc artifacts/Unity.Tiny.IO.dll/macos-dotnet-develop/Unity.Tiny.IO.dll (+2 others)
[126/343  0s] Csc artifacts/Unity.Tiny.GLFW.dll/macos-dotnet-develop/Unity.Tiny.GLFW.dll (+2 others)
[127/343  0s] BindGem artifacts/bindgen/Unity.Tiny.Core2D-macos-dotnet-develop/bind-Unity_Tiny_Core2D.h (+cpp)
[128/343  0s] Csc artifacts/Unity.Tiny.AudioNative.dll/macos-dotnet-develop/Unity.Tiny.AudioNative.dll (+2 others)
[129/343  0s] C_Mac64 artifacts/lib_unity_tiny_image2d/macos-dotnet-develop/8u78/dummy.o
[130/343  0s] Csc artifacts/Unity.Tiny.Shape2D.dll/macos-dotnet-develop/Unity.Tiny.Shape2D.dll (+2 others)
[131/343  0s] C_Mac64 artifacts/lib_unity_tiny_image2d/macos-dotnet-develop/7c7y/bind-Unity_Tiny_Image2D.o
[132/343  0s] Csc artifacts/Unity.Tiny.Sprite2D.dll/macos-dotnet-develop/Unity.Tiny.Sprite2D.dll (+2 others)
[133/343  0s] Csc artifacts/Unity.Tiny.Image2DIOSTB.dll/macos-dotnet-develop/Unity.Tiny.Image2DIOSTB.dll (+2 others)
[134/343  0s] C_Mac64 artifacts/lib_unity_tiny_core2d/macos-dotnet-develop/8u78/dummy.o
[135/343  1s] C_Mac64 artifacts/lib_unity_tiny_pointquery/macos-dotnet-develop/kxhh/kdtree_test.o
[136/343  0s] Csc artifacts/Unity.Tiny.Input.dll/macos-dotnet-develop/Unity.Tiny.Input.dll (+2 others)
[137/343  0s] C_Mac64 artifacts/lib_unity_tiny_core2d/macos-dotnet-develop/d9vt/bind-Unity_Tiny_Core2D.o
[138/343  0s] C_Mac64 artifacts/lib_unity_tiny_audionative/macos-dotnet-develop/8u78/dummy.o
[139/343  0s] Csc artifacts/Unity.Tiny.Tweens.dll/macos-dotnet-develop/Unity.Tiny.Tweens.dll (+2 others)
[140/343  0s] BindGem artifacts/bindgen/Unity.Tiny.GLFW-macos-dotnet-develop/bind-Unity_Tiny_GLFW.h (+cpp)
[141/343  0s] BindGem artifacts/bindgen/Unity.Tiny.IO-macos-dotnet-develop/bind-Unity_Tiny_IO.h (+cpp)
[142/343  0s] Csc artifacts/Unity.Tiny.Scenes.dll/macos-dotnet-develop/Unity.Tiny.Scenes.dll (+2 others)
[143/343  0s] Link_Mac64 artifacts/lib_unity_tiny_image2d/macos-dotnet-develop/lib_unity_tiny_image2d.dylib
[144/343  2s] C_Mac64 artifacts/lib_unity_tiny_pointquery/macos-dotnet-develop/kxhh/kdwrapper.o
In file included from /Users/nereu/Documents/EYODF/TinyCookbok/Library/PackageCache/com.unity.tiny@0.16.1-preview/DotsModules/Unity.Tiny.PointQuery/cpp~/kdwrapper.cpp:17:
/Users/nereu/Documents/EYODF/TinyCookbok/Library/PackageCache/com.unity.tiny@0.16.1-preview/DotsModules/Unity.Tiny.PointQuery/cpp~/KDTree.h:268:23: warning: expression result unused [-Wunused-value]
        Assert(istart < iend);
               ~~~~~~ ^ ~~~~
/Users/nereu/Documents/EYODF/TinyCookbok/Library/PackageCache/com.unity.tiny@0.16.1-preview/DotsModules/Unity.Tiny.PointQuery/cpp~/KDTree.h:359:23: warning: expression result unused [-Wunused-value]
        Assert(istart <= iend);
               ~~~~~~ ^  ~~~~
/Users/nereu/Documents/EYODF/TinyCookbok/Library/PackageCache/com.unity.tiny@0.16.1-preview/DotsModules/Unity.Tiny.PointQuery/cpp~/KDTree.h:380:21: warning: expression result unused [-Wunused-value]
        Assert(imed != istart);
               ~~~~ ^  ~~~~~~
/Users/nereu/Documents/EYODF/TinyCookbok/Library/PackageCache/com.unity.tiny@0.16.1-preview/DotsModules/Unity.Tiny.PointQuery/cpp~/KDTree.h:427:25: warning: expression result unused [-Wunused-value]
            Assert(axis < K);
                   ~~~~ ^ ~
/Users/nereu/Documents/EYODF/TinyCookbok/Library/PackageCache/com.unity.tiny@0.16.1-preview/DotsModules/Unity.Tiny.PointQuery/cpp~/KDTree.h:464:25: warning: expression result unused [-Wunused-value]
            Assert(axis < K);
                   ~~~~ ^ ~
/Users/nereu/Documents/EYODF/TinyCookbok/Library/PackageCache/com.unity.tiny@0.16.1-preview/DotsModules/Unity.Tiny.PointQuery/cpp~/KDTree.h:181:27: warning: expression result unused [-Wunused-value]
        Assert(MAXENTRIES > n + points.size());
               ~~~~~~~~~~ ^ ~~~~~~~~~~~~~~~~~
/Users/nereu/Documents/EYODF/TinyCookbok/Library/PackageCache/com.unity.tiny@0.16.1-preview/DotsModules/Unity.Tiny.PointQuery/cpp~/kdwrapper.cpp:83:19: note: in instantiation of member function 'KDTree<float, 3, Unity::Entities::Entity>::AddElements' requested here
    pQuery->tree->AddElements(vector3, &e, 1);
                  ^
In file included from /Users/nereu/Documents/EYODF/TinyCookbok/Library/PackageCache/com.unity.tiny@0.16.1-preview/DotsModules/Unity.Tiny.PointQuery/cpp~/kdwrapper.cpp:17:
/Users/nereu/Documents/EYODF/TinyCookbok/Library/PackageCache/com.unity.tiny@0.16.1-preview/DotsModules/Unity.Tiny.PointQuery/cpp~/KDTree.h:359:23: warning: expression result unused [-Wunused-value]
        Assert(istart <= iend);
               ~~~~~~ ^  ~~~~
/Users/nereu/Documents/EYODF/TinyCookbok/Library/PackageCache/com.unity.tiny@0.16.1-preview/DotsModules/Unity.Tiny.PointQuery/cpp~/KDTree.h:201:9: note: in instantiation of member function 'KDTree<float, 3, Unity::Entities::Entity>::SplitNodeRec' requested here
        SplitNodeRec(0, (int)points.size(), 0, nLeafElements);
        ^
/Users/nereu/Documents/EYODF/TinyCookbok/Library/PackageCache/com.unity.tiny@0.16.1-preview/DotsModules/Unity.Tiny.PointQuery/cpp~/kdwrapper.cpp:106:23: note: in instantiation of member function 'KDTree<float, 3, Unity::Entities::Entity>::Build' requested here
        pQuery->tree->Build();
                      ^
In file included from /Users/nereu/Documents/EYODF/TinyCookbok/Library/PackageCache/com.unity.tiny@0.16.1-preview/DotsModules/Unity.Tiny.PointQuery/cpp~/kdwrapper.cpp:17:
/Users/nereu/Documents/EYODF/TinyCookbok/Library/PackageCache/com.unity.tiny@0.16.1-preview/DotsModules/Unity.Tiny.PointQuery/cpp~/KDTree.h:380:21: warning: expression result unused [-Wunused-value]
        Assert(imed != istart);
               ~~~~ ^  ~~~~~~
/Users/nereu/Documents/EYODF/TinyCookbok/Library/PackageCache/com.unity.tiny@0.16.1-preview/DotsModules/Unity.Tiny.PointQuery/cpp~/KDTree.h:268:23: warning: expression result unused [-Wunused-value]
        Assert(istart < iend);
               ~~~~~~ ^ ~~~~
/Users/nereu/Documents/EYODF/TinyCookbok/Library/PackageCache/com.unity.tiny@0.16.1-preview/DotsModules/Unity.Tiny.PointQuery/cpp~/KDTree.h:366:9: note: in instantiation of member function 'KDTree<float, 3, Unity::Entities::Entity>::GetBounds' requested here
        GetBounds(istart, iend, minB, maxB);
        ^
/Users/nereu/Documents/EYODF/TinyCookbok/Library/PackageCache/com.unity.tiny@0.16.1-preview/DotsModules/Unity.Tiny.PointQuery/cpp~/KDTree.h:201:9: note: in instantiation of member function 'KDTree<float, 3, Unity::Entities::Entity>::SplitNodeRec' requested here
        SplitNodeRec(0, (int)points.size(), 0, nLeafElements);
        ^
/Users/nereu/Documents/EYODF/TinyCookbok/Library/PackageCache/com.unity.tiny@0.16.1-preview/DotsModules/Unity.Tiny.PointQuery/cpp~/kdwrapper.cpp:106:23: note: in instantiation of member function 'KDTree<float, 3, Unity::Entities::Entity>::Build' requested here
        pQuery->tree->Build();
                      ^
In file included from /Users/nereu/Documents/EYODF/TinyCookbok/Library/PackageCache/com.unity.tiny@0.16.1-preview/DotsModules/Unity.Tiny.PointQuery/cpp~/kdwrapper.cpp:17:
/Users/nereu/Documents/EYODF/TinyCookbok/Library/PackageCache/com.unity.tiny@0.16.1-preview/DotsModules/Unity.Tiny.PointQuery/cpp~/KDTree.h:427:25: warning: expression result unused [-Wunused-value]
            Assert(axis < K);
                   ~~~~ ^ ~
/Users/nereu/Documents/EYODF/TinyCookbok/Library/PackageCache/com.unity.tiny@0.16.1-preview/DotsModules/Unity.Tiny.PointQuery/cpp~/KDTree.h:210:9: note: in instantiation of member function 'KDTree<float, 3, Unity::Entities::Entity>::ClosestRec' requested here
        ClosestRec(point, 0, maxDistSqr, r.id, minDistSqr);
        ^
/Users/nereu/Documents/EYODF/TinyCookbok/Library/PackageCache/com.unity.tiny@0.16.1-preview/DotsModules/Unity.Tiny.PointQuery/cpp~/kdwrapper.cpp:115:30: note: in instantiation of member function 'KDTree<float, 3, Unity::Entities::Entity>::QueryClosest' requested here
        *dst = pQuery->tree->QueryClosest(vector3Array, maxDist2, minDist2, NoEntity);
                             ^
In file included from /Users/nereu/Documents/EYODF/TinyCookbok/Library/PackageCache/com.unity.tiny@0.16.1-preview/DotsModules/Unity.Tiny.PointQuery/cpp~/kdwrapper.cpp:17:
/Users/nereu/Documents/EYODF/TinyCookbok/Library/PackageCache/com.unity.tiny@0.16.1-preview/DotsModules/Unity.Tiny.PointQuery/cpp~/KDTree.h:464:25: warning: expression result unused [-Wunused-value]
            Assert(axis < K);
                   ~~~~ ^ ~
/Users/nereu/Documents/EYODF/TinyCookbok/Library/PackageCache/com.unity.tiny@0.16.1-preview/DotsModules/Unity.Tiny.PointQuery/cpp~/KDTree.h:234:13: note: in instantiation of function template specialization 'KDTree<float, 3, Unity::Entities::Entity>::NClosestRec<true>' requested here
            NClosestRec(point, 0, maxDistSqr, results, minDistSqr);
            ^
/Users/nereu/Documents/EYODF/TinyCookbok/Library/PackageCache/com.unity.tiny@0.16.1-preview/DotsModules/Unity.Tiny.PointQuery/cpp~/kdwrapper.cpp:123:27: note: in instantiation of member function 'KDTree<float, 3, Unity::Entities::Entity>::QueryNClosest' requested here
    int n = pQuery->tree->QueryNClosest(vector3Array, maxDist2, minDist2, nDst, dst);
                          ^
In file included from /Users/nereu/Documents/EYODF/TinyCookbok/Library/PackageCache/com.unity.tiny@0.16.1-preview/DotsModules/Unity.Tiny.PointQuery/cpp~/kdwrapper.cpp:17:
/Users/nereu/Documents/EYODF/TinyCookbok/Library/PackageCache/com.unity.tiny@0.16.1-preview/DotsModules/Unity.Tiny.PointQuery/cpp~/KDTree.h:39:21: warning: expression result unused [-Wunused-value]
        Assert(fill == n);
               ~~~~ ^  ~
/Users/nereu/Documents/EYODF/TinyCookbok/Library/PackageCache/com.unity.tiny@0.16.1-preview/DotsModules/Unity.Tiny.PointQuery/cpp~/KDTree.h:21:20: note: in instantiation of member function 'NPriorityQueue<KDTree<float, 3, Unity::Entities::Entity>::Result, true>::EnqueueFull' requested here
            return EnqueueFull(elem);
                   ^
/Users/nereu/Documents/EYODF/TinyCookbok/Library/PackageCache/com.unity.tiny@0.16.1-preview/DotsModules/Unity.Tiny.PointQuery/cpp~/KDTree.h:459:26: note: in instantiation of member function 'NPriorityQueue<KDTree<float, 3, Unity::Entities::Entity>::Result, true>::Enqueue' requested here
                    best.Enqueue(r);
                         ^
/Users/nereu/Documents/EYODF/TinyCookbok/Library/PackageCache/com.unity.tiny@0.16.1-preview/DotsModules/Unity.Tiny.PointQuery/cpp~/KDTree.h:234:13: note: in instantiation of function template specialization 'KDTree<float, 3, Unity::Entities::Entity>::NClosestRec<true>' requested here
            NClosestRec(point, 0, maxDistSqr, results, minDistSqr);
            ^
/Users/nereu/Documents/EYODF/TinyCookbok/Library/PackageCache/com.unity.tiny@0.16.1-preview/DotsModules/Unity.Tiny.PointQuery/cpp~/kdwrapper.cpp:123:27: note: in instantiation of member function 'KDTree<float, 3, Unity::Entities::Entity>::QueryNClosest' requested here
    int n = pQuery->tree->QueryNClosest(vector3Array, maxDist2, minDist2, nDst, dst);
                          ^
In file included from /Users/nereu/Documents/EYODF/TinyCookbok/Library/PackageCache/com.unity.tiny@0.16.1-preview/DotsModules/Unity.Tiny.PointQuery/cpp~/kdwrapper.cpp:17:
/Users/nereu/Documents/EYODF/TinyCookbok/Library/PackageCache/com.unity.tiny@0.16.1-preview/DotsModules/Unity.Tiny.PointQuery/cpp~/KDTree.h:89:23: warning: expression result unused [-Wunused-value]
        Assert(ichild < fill);
               ~~~~~~ ^ ~~~~
/Users/nereu/Documents/EYODF/TinyCookbok/Library/PackageCache/com.unity.tiny@0.16.1-preview/DotsModules/Unity.Tiny.PointQuery/cpp~/KDTree.h:123:32: note: in instantiation of member function 'NPriorityQueue<KDTree<float, 3, Unity::Entities::Entity>::Result, true>::LargerChildIndex' requested here
                    int idx2 = LargerChildIndex(idx);
                               ^
/Users/nereu/Documents/EYODF/TinyCookbok/Library/PackageCache/com.unity.tiny@0.16.1-preview/DotsModules/Unity.Tiny.PointQuery/cpp~/KDTree.h:45:9: note: in instantiation of member function 'NPriorityQueue<KDTree<float, 3, Unity::Entities::Entity>::Result, true>::TrickleDown' requested here
        TrickleDown(0);
        ^
/Users/nereu/Documents/EYODF/TinyCookbok/Library/PackageCache/com.unity.tiny@0.16.1-preview/DotsModules/Unity.Tiny.PointQuery/cpp~/KDTree.h:21:20: note: in instantiation of member function 'NPriorityQueue<KDTree<float, 3, Unity::Entities::Entity>::Result, true>::EnqueueFull' requested here
            return EnqueueFull(elem);
                   ^
/Users/nereu/Documents/EYODF/TinyCookbok/Library/PackageCache/com.unity.tiny@0.16.1-preview/DotsModules/Unity.Tiny.PointQuery/cpp~/KDTree.h:459:26: note: in instantiation of member function 'NPriorityQueue<KDTree<float, 3, Unity::Entities::Entity>::Result, true>::Enqueue' requested here
                    best.Enqueue(r);
                         ^
/Users/nereu/Documents/EYODF/TinyCookbok/Library/PackageCache/com.unity.tiny@0.16.1-preview/DotsModules/Unity.Tiny.PointQuery/cpp~/KDTree.h:234:13: note: in instantiation of function template specialization 'KDTree<float, 3, Unity::Entities::Entity>::NClosestRec<true>' requested here
            NClosestRec(point, 0, maxDistSqr, results, minDistSqr);
            ^
/Users/nereu/Documents/EYODF/TinyCookbok/Library/PackageCache/com.unity.tiny@0.16.1-preview/DotsModules/Unity.Tiny.PointQuery/cpp~/kdwrapper.cpp:123:27: note: in instantiation of member function 'KDTree<float, 3, Unity::Entities::Entity>::QueryNClosest' requested here
    int n = pQuery->tree->QueryNClosest(vector3Array, maxDist2, minDist2, nDst, dst);
                          ^
In file included from /Users/nereu/Documents/EYODF/TinyCookbok/Library/PackageCache/com.unity.tiny@0.16.1-preview/DotsModules/Unity.Tiny.PointQuery/cpp~/kdwrapper.cpp:17:
/Users/nereu/Documents/EYODF/TinyCookbok/Library/PackageCache/com.unity.tiny@0.16.1-preview/DotsModules/Unity.Tiny.PointQuery/cpp~/KDTree.h:30:21: warning: expression result unused [-Wunused-value]
        Assert(fill != n);
               ~~~~ ^  ~
/Users/nereu/Documents/EYODF/TinyCookbok/Library/PackageCache/com.unity.tiny@0.16.1-preview/DotsModules/Unity.Tiny.PointQuery/cpp~/KDTree.h:23:13: note: in instantiation of member function 'NPriorityQueue<KDTree<float, 3, Unity::Entities::Entity>::Result, true>::EnqueueNotFull' requested here
            EnqueueNotFull(elem);
            ^
/Users/nereu/Documents/EYODF/TinyCookbok/Library/PackageCache/com.unity.tiny@0.16.1-preview/DotsModules/Unity.Tiny.PointQuery/cpp~/KDTree.h:459:26: note: in instantiation of member function 'NPriorityQueue<KDTree<float, 3, Unity::Entities::Entity>::Result, true>::Enqueue' requested here
                    best.Enqueue(r);
                         ^
/Users/nereu/Documents/EYODF/TinyCookbok/Library/PackageCache/com.unity.tiny@0.16.1-preview/DotsModules/Unity.Tiny.PointQuery/cpp~/KDTree.h:234:13: note: in instantiation of function template specialization 'KDTree<float, 3, Unity::Entities::Entity>::NClosestRec<true>' requested here
            NClosestRec(point, 0, maxDistSqr, results, minDistSqr);
            ^
/Users/nereu/Documents/EYODF/TinyCookbok/Library/PackageCache/com.unity.tiny@0.16.1-preview/DotsModules/Unity.Tiny.PointQuery/cpp~/kdwrapper.cpp:123:27: note: in instantiation of member function 'KDTree<float, 3, Unity::Entities::Entity>::QueryNClosest' requested here
    int n = pQuery->tree->QueryNClosest(vector3Array, maxDist2, minDist2, nDst, dst);
                          ^
In file included from /Users/nereu/Documents/EYODF/TinyCookbok/Library/PackageCache/com.unity.tiny@0.16.1-preview/DotsModules/Unity.Tiny.PointQuery/cpp~/kdwrapper.cpp:17:
/Users/nereu/Documents/EYODF/TinyCookbok/Library/PackageCache/com.unity.tiny@0.16.1-preview/DotsModules/Unity.Tiny.PointQuery/cpp~/KDTree.h:464:25: warning: expression result unused [-Wunused-value]
            Assert(axis < K);
                   ~~~~ ^ ~
/Users/nereu/Documents/EYODF/TinyCookbok/Library/PackageCache/com.unity.tiny@0.16.1-preview/DotsModules/Unity.Tiny.PointQuery/cpp~/KDTree.h:239:13: note: in instantiation of function template specialization 'KDTree<float, 3, Unity::Entities::Entity>::NClosestRec<false>' requested here
            NClosestRec(point, 0, maxDistSqr, results, minDistSqr);
            ^
/Users/nereu/Documents/EYODF/TinyCookbok/Library/PackageCache/com.unity.tiny@0.16.1-preview/DotsModules/Unity.Tiny.PointQuery/cpp~/kdwrapper.cpp:123:27: note: in instantiation of member function 'KDTree<float, 3, Unity::Entities::Entity>::QueryNClosest' requested here
    int n = pQuery->tree->QueryNClosest(vector3Array, maxDist2, minDist2, nDst, dst);
                          ^
In file included from /Users/nereu/Documents/EYODF/TinyCookbok/Library/PackageCache/com.unity.tiny@0.16.1-preview/DotsModules/Unity.Tiny.PointQuery/cpp~/kdwrapper.cpp:17:
/Users/nereu/Documents/EYODF/TinyCookbok/Library/PackageCache/com.unity.tiny@0.16.1-preview/DotsModules/Unity.Tiny.PointQuery/cpp~/KDTree.h:39:21: warning: expression result unused [-Wunused-value]
        Assert(fill == n);
               ~~~~ ^  ~
/Users/nereu/Documents/EYODF/TinyCookbok/Library/PackageCache/com.unity.tiny@0.16.1-preview/DotsModules/Unity.Tiny.PointQuery/cpp~/KDTree.h:21:20: note: in instantiation of member function 'NPriorityQueue<KDTree<float, 3, Unity::Entities::Entity>::Result, false>::EnqueueFull' requested here
            return EnqueueFull(elem);
                   ^
/Users/nereu/Documents/EYODF/TinyCookbok/Library/PackageCache/com.unity.tiny@0.16.1-preview/DotsModules/Unity.Tiny.PointQuery/cpp~/KDTree.h:459:26: note: in instantiation of member function 'NPriorityQueue<KDTree<float, 3, Unity::Entities::Entity>::Result, false>::Enqueue' requested here
                    best.Enqueue(r);
                         ^
/Users/nereu/Documents/EYODF/TinyCookbok/Library/PackageCache/com.unity.tiny@0.16.1-preview/DotsModules/Unity.Tiny.PointQuery/cpp~/KDTree.h:239:13: note: in instantiation of function template specialization 'KDTree<float, 3, Unity::Entities::Entity>::NClosestRec<false>' requested here
            NClosestRec(point, 0, maxDistSqr, results, minDistSqr);
            ^
/Users/nereu/Documents/EYODF/TinyCookbok/Library/PackageCache/com.unity.tiny@0.16.1-preview/DotsModules/Unity.Tiny.PointQuery/cpp~/kdwrapper.cpp:123:27: note: in instantiation of member function 'KDTree<float, 3, Unity::Entities::Entity>::QueryNClosest' requested here
    int n = pQuery->tree->QueryNClosest(vector3Array, maxDist2, minDist2, nDst, dst);
                          ^
In file included from /Users/nereu/Documents/EYODF/TinyCookbok/Library/PackageCache/com.unity.tiny@0.16.1-preview/DotsModules/Unity.Tiny.PointQuery/cpp~/kdwrapper.cpp:17:
/Users/nereu/Documents/EYODF/TinyCookbok/Library/PackageCache/com.unity.tiny@0.16.1-preview/DotsModules/Unity.Tiny.PointQuery/cpp~/KDTree.h:89:23: warning: expression result unused [-Wunused-value]
        Assert(ichild < fill);
               ~~~~~~ ^ ~~~~
/Users/nereu/Documents/EYODF/TinyCookbok/Library/PackageCache/com.unity.tiny@0.16.1-preview/DotsModules/Unity.Tiny.PointQuery/cpp~/KDTree.h:123:32: note: in instantiation of member function 'NPriorityQueue<KDTree<float, 3, Unity::Entities::Entity>::Result, false>::LargerChildIndex' requested here
                    int idx2 = LargerChildIndex(idx);
                               ^
/Users/nereu/Documents/EYODF/TinyCookbok/Library/PackageCache/com.unity.tiny@0.16.1-preview/DotsModules/Unity.Tiny.PointQuery/cpp~/KDTree.h:45:9: note: in instantiation of member function 'NPriorityQueue<KDTree<float, 3, Unity::Entities::Entity>::Result, false>::TrickleDown' requested here
        TrickleDown(0);
        ^
/Users/nereu/Documents/EYODF/TinyCookbok/Library/PackageCache/com.unity.tiny@0.16.1-preview/DotsModules/Unity.Tiny.PointQuery/cpp~/KDTree.h:21:20: note: in instantiation of member function 'NPriorityQueue<KDTree<float, 3, Unity::Entities::Entity>::Result, false>::EnqueueFull' requested here
            return EnqueueFull(elem);
                   ^
/Users/nereu/Documents/EYODF/TinyCookbok/Library/PackageCache/com.unity.tiny@0.16.1-preview/DotsModules/Unity.Tiny.PointQuery/cpp~/KDTree.h:459:26: note: in instantiation of member function 'NPriorityQueue<KDTree<float, 3, Unity::Entities::Entity>::Result, false>::Enqueue' requested here
                    best.Enqueue(r);
                         ^
/Users/nereu/Documents/EYODF/TinyCookbok/Library/PackageCache/com.unity.tiny@0.16.1-preview/DotsModules/Unity.Tiny.PointQuery/cpp~/KDTree.h:239:13: note: in instantiation of function template specialization 'KDTree<float, 3, Unity::Entities::Entity>::NClosestRec<false>' requested here
            NClosestRec(point, 0, maxDistSqr, results, minDistSqr);
            ^
/Users/nereu/Documents/EYODF/TinyCookbok/Library/PackageCache/com.unity.tiny@0.16.1-preview/DotsModules/Unity.Tiny.PointQuery/cpp~/kdwrapper.cpp:123:27: note: in instantiation of member function 'KDTree<float, 3, Unity::Entities::Entity>::QueryNClosest' requested here
    int n = pQuery->tree->QueryNClosest(vector3Array, maxDist2, minDist2, nDst, dst);
                          ^
In file included from /Users/nereu/Documents/EYODF/TinyCookbok/Library/PackageCache/com.unity.tiny@0.16.1-preview/DotsModules/Unity.Tiny.PointQuery/cpp~/kdwrapper.cpp:17:
/Users/nereu/Documents/EYODF/TinyCookbok/Library/PackageCache/com.unity.tiny@0.16.1-preview/DotsModules/Unity.Tiny.PointQuery/cpp~/KDTree.h:30:21: warning: expression result unused [-Wunused-value]
        Assert(fill != n);
               ~~~~ ^  ~
/Users/nereu/Documents/EYODF/TinyCookbok/Library/PackageCache/com.unity.tiny@0.16.1-preview/DotsModules/Unity.Tiny.PointQuery/cpp~/KDTree.h:23:13: note: in instantiation of member function 'NPriorityQueue<KDTree<float, 3, Unity::Entities::Entity>::Result, false>::EnqueueNotFull' requested here
            EnqueueNotFull(elem);
            ^
/Users/nereu/Documents/EYODF/TinyCookbok/Library/PackageCache/com.unity.tiny@0.16.1-preview/DotsModules/Unity.Tiny.PointQuery/cpp~/KDTree.h:459:26: note: in instantiation of member function 'NPriorityQueue<KDTree<float, 3, Unity::Entities::Entity>::Result, false>::Enqueue' requested here
                    best.Enqueue(r);
                         ^
/Users/nereu/Documents/EYODF/TinyCookbok/Library/PackageCache/com.unity.tiny@0.16.1-preview/DotsModules/Unity.Tiny.PointQuery/cpp~/KDTree.h:239:13: note: in instantiation of function template specialization 'KDTree<float, 3, Unity::Entities::Entity>::NClosestRec<false>' requested here
            NClosestRec(point, 0, maxDistSqr, results, minDistSqr);
            ^
/Users/nereu/Documents/EYODF/TinyCookbok/Library/PackageCache/com.unity.tiny@0.16.1-preview/DotsModules/Unity.Tiny.PointQuery/cpp~/kdwrapper.cpp:123:27: note: in instantiation of member function 'KDTree<float, 3, Unity::Entities::Entity>::QueryNClosest' requested here
    int n = pQuery->tree->QueryNClosest(vector3Array, maxDist2, minDist2, nDst, dst);
                          ^
18 warnings generated.
[145/343  0s] BindGem artifacts/bindgen/Unity.Tiny.Shape2D-macos-dotnet-develop/bind-Unity_Tiny_Shape2D.h (+cpp)
[146/343  0s] C_Mac64 artifacts/lib_unity_tiny_audionative/macos-dotnet-develop/n1rf/SoundSource.o
[147/343  0s] C_Mac64 artifacts/lib_unity_tiny_audionative/macos-dotnet-develop/n1rf/SoundClip.o
[148/343  0s] BindGem artifacts/bindgen/Unity.Tiny.Sprite2D-macos-dotnet-develop/bind-Unity_Tiny_Sprite2D.h (+cpp)
[149/343  0s] Csc artifacts/Unity.Tiny.HitBox2D.dll/macos-dotnet-develop/Unity.Tiny.HitBox2D.dll (+2 others)
[150/343  0s] Csc artifacts/Unity.Tiny.UILayout.dll/macos-dotnet-develop/Unity.Tiny.UILayout.dll (+2 others)
[151/343  0s] Csc artifacts/Unity.Tiny.Particles.dll/macos-dotnet-develop/Unity.Tiny.Particles.dll (+2 others)
[152/343  0s] Csc artifacts/Unity.Tiny.Renderer.dll/macos-dotnet-develop/Unity.Tiny.Renderer.dll (+2 others)
[153/343  0s] BindGem artifacts/bindgen/Unity.Tiny.Image2DIOSTB-macos-dotnet-develop/bind-Unity_Tiny_Image2DIOSTB.h (+cpp)
[154/343  0s] Csc artifacts/Unity.Tiny.InputGLFW.dll/macos-dotnet-develop/Unity.Tiny.InputGLFW.dll (+2 others)
[155/343  1s] C_Mac64 artifacts/lib_unity_tiny_core2d/macos-dotnet-develop/na5h/Sorting.o
[156/343  0s] C_Mac64 artifacts/libglfw/macos-dotnet-develop/pcqz/vulkan.o
[157/343  1s] C_Mac64 artifacts/libglfw/macos-dotnet-develop/pcqz/init.o
[158/343  0s] C_Mac64 artifacts/libglfw/macos-dotnet-develop/pcqz/monitor.o
[159/343  1s] C_Mac64 artifacts/libglfw/macos-dotnet-develop/pcqz/context.o
[160/343  1s] C_Mac64 artifacts/libglfw/macos-dotnet-develop/pcqz/input.o
[161/343  0s] C_Mac64 artifacts/libglfw/macos-dotnet-develop/pcqz/window.o
[162/343  0s] C_Mac64 artifacts/libglfw/macos-dotnet-develop/pcqz/cocoa_time.o
[163/343  0s] C_Mac64 artifacts/libglfw/macos-dotnet-develop/pcqz/posix_thread.o
[164/343  0s] C_Mac64 artifacts/libglfw/macos-dotnet-develop/pcqz/osmesa_context.o
[165/343  0s] C_Mac64 artifacts/libglfw/macos-dotnet-develop/pcqz/egl_context.o
[166/343  0s] C_Mac64 artifacts/lib_unity_tiny_glfw/macos-dotnet-develop/8u78/dummy.o
[167/343  3s] C_Mac64 artifacts/lib_unity_tiny_audionative/macos-dotnet-develop/nhb7/stb_vorbis.o
[168/343  0s] C_Mac64 artifacts/lib_unity_tiny_glfw/macos-dotnet-develop/wrxm/bind-Unity_Tiny_GLFW.o
[169/343  0s] C_Mac64 artifacts/lib_unity_tiny_glfw/macos-dotnet-develop/uzx9/GLFWWrapper.o
[170/343  0s] C_Mac64 artifacts/lib_unity_tiny_io/macos-dotnet-develop/8u78/dummy.o
[171/343  1s] C_Mac64 artifacts/libglfw/macos-dotnet-develop/pcqz/cocoa_joystick.o
[172/343  1s] C_Mac64 artifacts/libglfw/macos-dotnet-develop/pcqz/cocoa_init.o
[173/343  0s] C_Mac64 artifacts/lib_unity_tiny_io/macos-dotnet-develop/s88x/bind-Unity_Tiny_IO.o
[174/343  0s] CopyTool build/SpriteRotation/SpriteRotation-macos-dotnet-develop/lib_unity_tiny_image2d.dylib
[175/343  0s] Link_Mac64 artifacts/lib_unity_tiny_pointquery/macos-dotnet-develop/lib_unity_tiny_pointquery.dylib
[176/343  1s] C_Mac64 artifacts/libglfw/macos-dotnet-develop/pcqz/cocoa_monitor.o
[177/343  0s] C_Mac64 artifacts/lib_unity_tiny_shape2d/macos-dotnet-develop/8u78/dummy.o
[178/343  0s] C_Mac64 artifacts/lib_unity_tiny_sprite2d/macos-dotnet-develop/8u78/dummy.o
[179/343  0s] C_Mac64 artifacts/lib_unity_tiny_shape2d/macos-dotnet-develop/l0ie/bind-Unity_Tiny_Shape2D.o
[180/343  1s] C_Mac64 artifacts/libglfw/macos-dotnet-develop/pcqz/nsgl_context.o
[181/343  0s] C_Mac64 artifacts/lib_unity_tiny_sprite2d/macos-dotnet-develop/nxpx/bind-Unity_Tiny_Sprite2D.o
[182/343  0s] Csc artifacts/Unity.Tiny.EntryPoint.exe/macos-dotnet-develop/Unity.Tiny.EntryPoint.exe (+2 others)
[183/343  0s] C_Mac64 artifacts/lib_unity_tiny_image2diostb/macos-dotnet-develop/8u78/dummy.o
[184/343  0s] Csc artifacts/Unity.Tiny.Video.dll/macos-dotnet-develop/Unity.Tiny.Video.dll (+2 others)
[185/343  0s] Csc artifacts/Unity.Tiny.Text.dll/macos-dotnet-develop/Unity.Tiny.Text.dll (+2 others)
/Users/nereu/Documents/EYODF/TinyCookbok/Library/PackageCache/com.unity.tiny@0.16.1-preview/DotsModules/Unity.Tiny.Text/Text.cs(135,21): warning CS0169: The field 'NativeFontLoadFromFile.dummy' is never used
[186/343  0s] BindGem artifacts/bindgen/Unity.Tiny.HitBox2D-macos-dotnet-develop/bind-Unity_Tiny_HitBox2D.h (+cpp)
[187/343  1s] C_Mac64 artifacts/libglfw/macos-dotnet-develop/pcqz/cocoa_window.o
[188/343  0s] C_Mac64 artifacts/lib_unity_tiny_image2diostb/macos-dotnet-develop/c64v/bind-Unity_Tiny_Image2DIOSTB.o
[189/343  0s] C_Mac64 artifacts/lib_unity_tiny_image2diostb/macos-dotnet-develop/i8pz/Image2DHelpers.o
[190/343  0s] Csc artifacts/Unity.Tiny.UIControls.dll/macos-dotnet-develop/Unity.Tiny.UIControls.dll (+2 others)
[191/343  0s] Link_Mac64 artifacts/lib_unity_tiny_core2d/macos-dotnet-develop/lib_unity_tiny_core2d.dylib
[192/343  0s] CopyTool build/SpriteRotation/SpriteRotation-macos-dotnet-develop/lib_unity_tiny_pointquery.dylib
[193/343  0s] C_Mac64 artifacts/lib_unity_tiny_image2diostb/macos-dotnet-develop/i8pz/Base64.o
[194/343  1s] C_Mac64 artifacts/lib_unity_tiny_io/macos-dotnet-develop/6we3/TinyIO.o
[195/343  0s] Csc artifacts/Unity.Tiny.VideoNative.dll/macos-dotnet-develop/Unity.Tiny.VideoNative.dll (+2 others)
[196/343  1s] C_Mac64 artifacts/lib_unity_tiny_image2diostb/macos-dotnet-develop/i8pz/ImageIOSTB.o
[197/343  0s] C_Mac64 artifacts/lib_unity_tiny_hitbox2d/macos-dotnet-develop/8u78/dummy.o
[198/343  0s] Csc artifacts/Unity.Tiny.RendererGL.dll/macos-dotnet-develop/Unity.Tiny.RendererGL.dll (+2 others)
[199/343  0s] C_Mac64 artifacts/lib_unity_tiny_hitbox2d/macos-dotnet-develop/osez/bind-Unity_Tiny_HitBox2D.o
[200/343  0s] BindGem artifacts/bindgen/Unity.Tiny.Text-macos-dotnet-develop/bind-Unity_Tiny_Text.h (+cpp)
[201/343  0s] Link_Mac64 artifacts/lib_unity_tiny_sprite2d/macos-dotnet-develop/lib_unity_tiny_sprite2d.dylib
[202/343  0s] CopyTool build/SpriteRotation/SpriteRotation-macos-dotnet-develop/lib_unity_tiny_core2d.dylib
[203/343  0s] Link_Mac64 artifacts/lib_unity_tiny_shape2d/macos-dotnet-develop/lib_unity_tiny_shape2d.dylib
[204/343  0s] Csc artifacts/Unity.Tiny.TextNative.dll/macos-dotnet-develop/Unity.Tiny.TextNative.dll (+2 others)
[205/343  0s] C_Mac64 artifacts/lib_unity_tiny_text/macos-dotnet-develop/8u78/dummy.o
[206/343  0s] Link_Mac64 artifacts/lib_unity_tiny_io/macos-dotnet-develop/lib_unity_tiny_io.dylib
[207/343  0s] C_Mac64 artifacts/lib_unity_tiny_renderergl/macos-dotnet-develop/8u78/dummy.o
[208/343  0s] C_Mac64 artifacts/lib_unity_tiny_text/macos-dotnet-develop/t2v2/bind-Unity_Tiny_Text.o
[209/343  0s] CopyTool build/SpriteRotation/SpriteRotation-macos-dotnet-develop/lib_unity_tiny_sprite2d.dylib
[210/343  0s] CopyTool build/SpriteRotation/SpriteRotation-macos-dotnet-develop/lib_unity_tiny_shape2d.dylib
[211/343  0s] Csc artifacts/Unity.Tiny.RendererGLNative.dll/macos-dotnet-develop/Unity.Tiny.RendererGLNative.dll (+2 others)
[212/343  0s] CopyTool build/SpriteRotation/SpriteRotation-macos-dotnet-develop/lib_unity_tiny_io.dylib
[213/343  0s] BindGem artifacts/bindgen/Unity.Tiny.TextNative-macos-dotnet-develop/bind-Unity_Tiny_TextNative.h (+cpp)
[214/343  0s] Link_Mac64 artifacts/lib_unity_tiny_text/macos-dotnet-develop/lib_unity_tiny_text.dylib
[215/343  0s] C_Mac64 artifacts/lib_unity_tiny_renderergl/macos-dotnet-develop/94uj/RendererGL.o
[216/343  0s] C_Mac64 artifacts/lib_unity_tiny_textnative/macos-dotnet-develop/8u78/dummy.o
[217/343  0s] Csc artifacts/SpriteRotation.dll/macos-dotnet-develop/SpriteRotation.dll (+2 others)
[218/343  0s] BindGem artifacts/bindgen/Unity.Tiny.RendererGLNative-macos-dotnet-develop/bind-Unity_Tiny_RendererGLNative.h (+cpp)
[219/343  0s] CopyTool build/SpriteRotation/SpriteRotation-macos-dotnet-develop/lib_unity_tiny_text.dylib
[220/343  0s] C_Mac64 artifacts/lib_unity_tiny_textnative/macos-dotnet-develop/q1be/bind-Unity_Tiny_TextNative.o
[221/343  0s] Link_Mac64 artifacts/lib_unity_tiny_renderergl/macos-dotnet-develop/lib_unity_tiny_renderergl.dylib
[222/343  0s] C_Mac64 artifacts/lib_unity_tiny_rendererglnative/macos-dotnet-develop/8u78/dummy.o
[223/343  3s] C_Mac64 artifacts/lib_unity_tiny_image2diostb/macos-dotnet-develop/p1vr/stb_vorbis.o
[224/343  0s] C_Mac64 artifacts/lib_unity_tiny_rendererglnative/macos-dotnet-develop/ru5l/bind-Unity_Tiny_RendererGLNative.o
[225/343  0s] CopyTool build/SpriteRotation/SpriteRotation-macos-dotnet-develop/lib_unity_tiny_renderergl.dylib
[226/343  2s] C_Mac64 artifacts/lib_unity_tiny_hitbox2d/macos-dotnet-develop/abr4/HitBox2D.o
[227/343  0s] Link_Mac64 artifacts/lib_unity_tiny_hitbox2d/macos-dotnet-develop/lib_unity_tiny_hitbox2d.dylib
[228/343  0s] CopyTool build/SpriteRotation/SpriteRotation-macos-dotnet-develop/lib_unity_tiny_hitbox2d.dylib
[229/343  2s] TypeRegGen artifacts/SpriteRotation/macos-dotnet-develop/post_typereg/SpriteRotation.dll (+96 others)
[230/343  0s] CopyTool build/SpriteRotation/SpriteRotation-macos-dotnet-develop/UnsafeUtility.pdb
[231/343  0s] CopyTool build/SpriteRotation/SpriteRotation-macos-dotnet-develop/mscorlib.pdb
[232/343  0s] CopyTool build/SpriteRotation/SpriteRotation-macos-dotnet-develop/Unity.LowLevel.pdb
[233/343  0s] CopyTool build/SpriteRotation/SpriteRotation-macos-dotnet-develop/Unity.ZeroJobs.pdb
[234/343  0s] CopyTool build/SpriteRotation/SpriteRotation-macos-dotnet-develop/Unity.Collections.pdb
[235/343  0s] CopyTool build/SpriteRotation/SpriteRotation-macos-dotnet-develop/Unity.Burst.pdb
[236/343  0s] CopyTool build/SpriteRotation/SpriteRotation-macos-dotnet-develop/Unity.Mathematics.Extensions.pdb
[237/343  0s] CopyTool build/SpriteRotation/SpriteRotation-macos-dotnet-develop/Unity.Jobs.pdb
[238/343  0s] CopyTool build/SpriteRotation/SpriteRotation-macos-dotnet-develop/Unity.Mathematics.pdb
[239/343  0s] CopyTool build/SpriteRotation/SpriteRotation-macos-dotnet-develop/Unity.Entities.pdb
[240/343  0s] CopyTool build/SpriteRotation/SpriteRotation-macos-dotnet-develop/Unity.Authoring.Core.pdb
[241/343  0s] CopyTool build/SpriteRotation/SpriteRotation-macos-dotnet-develop/Unity.Entities.CPlusPlus.pdb
[242/343  0s] CopyTool build/SpriteRotation/SpriteRotation-macos-dotnet-develop/Unity.Tiny.Core.pdb
[243/343  0s] CopyTool build/SpriteRotation/SpriteRotation-macos-dotnet-develop/Unity.Tiny.Core2DTypes.pdb
[244/343  0s] CopyTool build/SpriteRotation/SpriteRotation-macos-dotnet-develop/Unity.Tiny.Audio.pdb
[245/343  0s] CopyTool build/SpriteRotation/SpriteRotation-macos-dotnet-develop/Unity.Tiny.Debugging.pdb
[246/343  0s] CopyTool build/SpriteRotation/SpriteRotation-macos-dotnet-develop/Unity.Tiny.Core2D.pdb
[247/343  0s] CopyTool build/SpriteRotation/SpriteRotation-macos-dotnet-develop/Unity.Tiny.AudioNative.pdb
[248/343  0s] CopyTool build/SpriteRotation/SpriteRotation-macos-dotnet-develop/Unity.Tiny.Codec.pdb
[249/343  0s] CopyTool build/SpriteRotation/SpriteRotation-macos-dotnet-develop/Unity.Authoring.pdb
[250/343  0s] CopyTool build/SpriteRotation/SpriteRotation-macos-dotnet-develop/Unity.Tiny.Thread.Native.pdb
[251/343  0s] CopyTool build/SpriteRotation/SpriteRotation-macos-dotnet-develop/Unity.Tiny.IO.pdb
[252/343  0s] CopyTool build/SpriteRotation/SpriteRotation-macos-dotnet-develop/Unity.Tiny.Scenes.pdb
[253/343  0s] CopyTool build/SpriteRotation/SpriteRotation-macos-dotnet-develop/Unity.Tiny.EntryPoint.pdb
[254/343  0s] CopyTool build/SpriteRotation/SpriteRotation-macos-dotnet-develop/Unity.Tiny.GLFW.pdb
[255/343  0s] CopyTool build/SpriteRotation/SpriteRotation-macos-dotnet-develop/Unity.Tiny.Math.pdb
[256/343  0s] CopyTool build/SpriteRotation/SpriteRotation-macos-dotnet-develop/Unity.Tiny.Image2D.pdb
[257/343  0s] CopyTool build/SpriteRotation/SpriteRotation-macos-dotnet-develop/Unity.Tiny.Sprite2D.pdb
[258/343  0s] CopyTool build/SpriteRotation/SpriteRotation-macos-dotnet-develop/Unity.Tiny.Shape2D.pdb
[259/343  0s] CopyTool build/SpriteRotation/SpriteRotation-macos-dotnet-develop/Unity.Tiny.HitBox2D.pdb
[260/343  0s] CopyTool build/SpriteRotation/SpriteRotation-macos-dotnet-develop/Unity.Tiny.Image2DIOSTB.pdb
[261/343  0s] CopyTool build/SpriteRotation/SpriteRotation-macos-dotnet-develop/Unity.Tiny.Input.pdb
[262/343  0s] CopyTool build/SpriteRotation/SpriteRotation-macos-dotnet-develop/Unity.Tiny.InputGLFW.pdb
[263/343  0s] CopyTool build/SpriteRotation/SpriteRotation-macos-dotnet-develop/Unity.Tiny.Interpolation.pdb
[264/343  0s] CopyTool build/SpriteRotation/SpriteRotation-macos-dotnet-develop/Unity.Tiny.Particles.pdb
[265/343  0s] CopyTool build/SpriteRotation/SpriteRotation-macos-dotnet-develop/Unity.Tiny.PointQuery.pdb
[266/343  0s] CopyTool build/SpriteRotation/SpriteRotation-macos-dotnet-develop/Unity.Tiny.Renderer.pdb
[267/343  0s] CopyTool build/SpriteRotation/SpriteRotation-macos-dotnet-develop/Unity.Tiny.UILayout.pdb
[268/343  0s] CopyTool build/SpriteRotation/SpriteRotation-macos-dotnet-develop/Unity.Tiny.Text.pdb
[269/343  0s] CopyTool build/SpriteRotation/SpriteRotation-macos-dotnet-develop/Unity.Tiny.RendererGL.pdb
[270/343  0s] CopyTool build/SpriteRotation/SpriteRotation-macos-dotnet-develop/Unity.Tiny.TextNative.pdb
[271/343  0s] CopyTool build/SpriteRotation/SpriteRotation-macos-dotnet-develop/Unity.Tiny.RendererGLNative.pdb
[272/343  0s] CopyTool build/SpriteRotation/SpriteRotation-macos-dotnet-develop/Unity.Tiny.Tweens.pdb
[273/343  0s] CopyTool build/SpriteRotation/SpriteRotation-macos-dotnet-develop/Unity.Tiny.Watchers.pdb
[274/343  0s] CopyTool build/SpriteRotation/SpriteRotation-macos-dotnet-develop/Unity.Tiny.UIControls.pdb
[275/343  0s] CopyTool build/SpriteRotation/SpriteRotation-macos-dotnet-develop/Unity.Tiny.Video.pdb
[276/343  0s] CopyTool build/SpriteRotation/SpriteRotation-macos-dotnet-develop/Unity.Tiny.VideoNative.pdb
[277/343  0s] CopyTool build/SpriteRotation/SpriteRotation-macos-dotnet-develop/SpriteRotation.pdb
[278/343  0s] CopyTool build/SpriteRotation/SpriteRotation-macos-dotnet-develop/SpriteRotation.exe
[279/343  0s] CopyTool build/SpriteRotation/SpriteRotation-macos-dotnet-develop/UnsafeUtility.dll
[280/343  0s] CopyTool build/SpriteRotation/SpriteRotation-macos-dotnet-develop/mscorlib.dll
[281/343  0s] CopyTool build/SpriteRotation/SpriteRotation-macos-dotnet-develop/Unity.LowLevel.dll
[282/343  0s] CopyTool build/SpriteRotation/SpriteRotation-macos-dotnet-develop/Unity.ZeroJobs.dll
[283/343  0s] CopyTool build/SpriteRotation/SpriteRotation-macos-dotnet-develop/Unity.Burst.dll
[284/343  0s] CopyTool build/SpriteRotation/SpriteRotation-macos-dotnet-develop/Unity.Entities.StaticTypeRegistry.dll
[285/343  0s] CopyTool build/SpriteRotation/SpriteRotation-macos-dotnet-develop/Unity.Mathematics.dll
[286/343  0s] CopyTool build/SpriteRotation/SpriteRotation-macos-dotnet-develop/Unity.Collections.dll
[287/343  0s] CopyTool build/SpriteRotation/SpriteRotation-macos-dotnet-develop/Unity.Jobs.dll
[288/343  0s] CopyTool build/SpriteRotation/SpriteRotation-macos-dotnet-develop/Unity.Tiny.Codec.dll
[289/343  0s] CopyTool build/SpriteRotation/SpriteRotation-macos-dotnet-develop/Unity.Mathematics.Extensions.dll
[290/343  0s] CopyTool build/SpriteRotation/SpriteRotation-macos-dotnet-develop/Unity.Entities.dll
[291/343  0s] CopyTool build/SpriteRotation/SpriteRotation-macos-dotnet-develop/Unity.Entities.CPlusPlus.dll
[292/343  0s] CopyTool build/SpriteRotation/SpriteRotation-macos-dotnet-develop/Unity.Authoring.Core.dll
[293/343  0s] CopyTool build/SpriteRotation/SpriteRotation-macos-dotnet-develop/Unity.Tiny.Core.dll
[294/343  0s] CopyTool build/SpriteRotation/SpriteRotation-macos-dotnet-develop/Unity.Tiny.Core2DTypes.dll
[295/343  0s] CopyTool build/SpriteRotation/SpriteRotation-macos-dotnet-develop/Unity.Tiny.Audio.dll
[296/343  0s] CopyTool build/SpriteRotation/SpriteRotation-macos-dotnet-develop/Unity.Tiny.Debugging.dll
[297/343  0s] CopyTool build/SpriteRotation/SpriteRotation-macos-dotnet-develop/Unity.Authoring.dll
[298/343  0s] CopyTool build/SpriteRotation/SpriteRotation-macos-dotnet-develop/Unity.Tiny.Math.dll
[299/343  0s] CopyTool build/SpriteRotation/SpriteRotation-macos-dotnet-develop/Unity.Tiny.Image2D.dll
[300/343  0s] CopyTool build/SpriteRotation/SpriteRotation-macos-dotnet-develop/Unity.Tiny.PointQuery.dll
[301/343  0s] CopyTool build/SpriteRotation/SpriteRotation-macos-dotnet-develop/Unity.Tiny.Interpolation.dll
[302/343  0s] CopyTool build/SpriteRotation/SpriteRotation-macos-dotnet-develop/Unity.Tiny.Watchers.dll
[303/343  0s] CopyTool build/SpriteRotation/SpriteRotation-macos-dotnet-develop/Unity.Tiny.Thread.Native.dll
[304/343  0s] CopyTool build/SpriteRotation/SpriteRotation-macos-dotnet-develop/Unity.Tiny.Core2D.dll
[305/343  0s] CopyTool build/SpriteRotation/SpriteRotation-macos-dotnet-develop/Unity.Tiny.Shape2D.dll
[306/343  0s] CopyTool build/SpriteRotation/SpriteRotation-macos-dotnet-develop/Unity.Tiny.Sprite2D.dll
[307/343  0s] CopyTool build/SpriteRotation/SpriteRotation-macos-dotnet-develop/Unity.Tiny.IO.dll
[308/343  0s] CopyTool build/SpriteRotation/SpriteRotation-macos-dotnet-develop/Unity.Tiny.Tweens.dll
[309/343  0s] CopyTool build/SpriteRotation/SpriteRotation-macos-dotnet-develop/Unity.Tiny.Input.dll
[310/343  0s] CopyTool build/SpriteRotation/SpriteRotation-macos-dotnet-develop/Unity.Tiny.HitBox2D.dll
[311/343  0s] CopyTool build/SpriteRotation/SpriteRotation-macos-dotnet-develop/Unity.Tiny.Particles.dll
[312/343  0s] CopyTool build/SpriteRotation/SpriteRotation-macos-dotnet-develop/Unity.Tiny.Renderer.dll
[313/343  0s] CopyTool build/SpriteRotation/SpriteRotation-macos-dotnet-develop/Unity.Tiny.UILayout.dll
[314/343  0s] CopyTool build/SpriteRotation/SpriteRotation-macos-dotnet-develop/Unity.Tiny.Scenes.dll
[315/343  0s] CopyTool build/SpriteRotation/SpriteRotation-macos-dotnet-develop/Unity.Tiny.Video.dll
[316/343  0s] CopyTool build/SpriteRotation/SpriteRotation-macos-dotnet-develop/Unity.Tiny.Text.dll
[317/343  0s] CopyTool build/SpriteRotation/SpriteRotation-macos-dotnet-develop/Unity.Tiny.EntryPoint.exe
[318/343  0s] CopyTool build/SpriteRotation/SpriteRotation-macos-dotnet-develop/Unity.Tiny.RendererGL.dll
[319/343  3s] C_Mac64 artifacts/lib_unity_tiny_textnative/macos-dotnet-develop/ssvc/FontSTB.o
[320/343  3s] C_Mac64 artifacts/lib_unity_tiny_rendererglnative/macos-dotnet-develop/xsre/RendererGLNative.o
[321/343  6s] C_Mac64 artifacts/lib_unity_tiny_image2diostb/macos-dotnet-develop/p1vr/stb_image.o
[322/343  0s] Link_Mac64 artifacts/lib_unity_tiny_image2diostb/macos-dotnet-develop/lib_unity_tiny_image2diostb.dylib
[323/343  0s] CopyTool build/SpriteRotation/SpriteRotation-macos-dotnet-develop/lib_unity_tiny_image2diostb.dylib
[324/343  0s] CopyTool build/SpriteRotation/SpriteRotation-macos-dotnet-develop/Unity.Tiny.Image2DIOSTB.dll
[325/343  0s] Link_Mac64 artifacts/lib_unity_tiny_textnative/macos-dotnet-develop/lib_unity_tiny_textnative.dylib
[326/343  0s] CopyTool build/SpriteRotation/SpriteRotation-macos-dotnet-develop/lib_unity_tiny_textnative.dylib
[327/343  0s] CopyTool build/SpriteRotation/SpriteRotation-macos-dotnet-develop/Unity.Tiny.TextNative.dll
[328/343 13s] C_Mac64 artifacts/lib_unity_tiny_audionative/macos-dotnet-develop/n1rf/NativeAudio.o
[329/343  0s] Link_Mac64 artifacts/lib_unity_tiny_audionative/macos-dotnet-develop/lib_unity_tiny_audionative.dylib
[330/343  0s] CopyTool build/SpriteRotation/SpriteRotation-macos-dotnet-develop/lib_unity_tiny_audionative.dylib
[331/343  0s] CopyTool build/SpriteRotation/SpriteRotation-macos-dotnet-develop/Unity.Tiny.AudioNative.dll
[BUSY    15s] C_Mac64 artifacts/lib_unity_tiny_glfw/macos-dotnet-develop/uzx9/glew.o
[BUSY    25s] C_Mac64 artifacts/lib_unity_tiny_glfw/macos-dotnet-develop/uzx9/glew.o
[BUSY    35s] C_Mac64 artifacts/lib_unity_tiny_glfw/macos-dotnet-develop/uzx9/glew.o
[332/343 39s] C_Mac64 artifacts/lib_unity_tiny_glfw/macos-dotnet-develop/uzx9/glew.o
[333/343  0s] Link_Mac64 artifacts/lib_unity_tiny_glfw/macos-dotnet-develop/lib_unity_tiny_glfw.dylib
[334/343  0s] CopyTool build/SpriteRotation/SpriteRotation-macos-dotnet-develop/lib_unity_tiny_glfw.dylib
[335/343  0s] CopyTool build/SpriteRotation/SpriteRotation-macos-dotnet-develop/Unity.Tiny.GLFW.dll
[336/343  0s] CopyTool build/SpriteRotation/SpriteRotation-macos-dotnet-develop/Unity.Tiny.VideoNative.dll
[337/343  0s] CopyTool build/SpriteRotation/SpriteRotation-macos-dotnet-develop/Unity.Tiny.InputGLFW.dll
[338/343  0s] CopyTool build/SpriteRotation/SpriteRotation-macos-dotnet-develop/Unity.Tiny.UIControls.dll
[339/343  0s] Link_Mac64 artifacts/lib_unity_tiny_rendererglnative/macos-dotnet-develop/lib_unity_tiny_rendererglnative.dylib
[340/343  0s] CopyTool build/SpriteRotation/SpriteRotation-macos-dotnet-develop/lib_unity_tiny_rendererglnative.dylib
[341/343  0s] CopyTool build/SpriteRotation/SpriteRotation-macos-dotnet-develop/Unity.Tiny.RendererGLNative.dll
[342/343  0s] CopyTool build/SpriteRotation/SpriteRotation-macos-dotnet-develop/SpriteRotation.dll
*** Bee build success (81.20 seconds - 0:01:21), 312 items updated
